<?xml version="1.0" encoding="UTF-8"?>
<!-- Generated by org.testng.reporters.JUnitReportReporter -->
<testsuite skipped="0" hostname="ARAVINDA-DELL-PERSONAL" name="com.intellipaat.testng.allannotations.LocalDataDemo" tests="4" failures="0" timestamp="2021-03-27T21:31:30 IST" time="0.010" errors="0">
  <testcase name="createCustomer" time="0.002" classname="com.intellipaat.testng.allannotations.LocalDataDemo"/>
  <system-out/>
  <testcase name="createCustomer" time="0.001" classname="com.intellipaat.testng.allannotations.LocalDataDemo"/>
  <system-out/>
  <testcase name="createCustomer" time="0.001" classname="com.intellipaat.testng.allannotations.LocalDataDemo"/>
  <system-out/>
  <testcase name="createCustomer" time="0.006" classname="com.intellipaat.testng.allannotations.LocalDataDemo"/>
  <system-out/>
</testsuite> <!-- com.intellipaat.testng.allannotations.LocalDataDemo -->
