<?xml version="1.0" encoding="UTF-8"?>
<!-- Generated by org.testng.reporters.JUnitReportReporter -->
<testsuite skipped="0" hostname="ARAVINDA-DELL-PERSONAL" name="com.intellipaat.testng.HelloWorld" tests="3" failures="0" timestamp="2021-03-27T20:36:15 IST" time="0.003" errors="0">
  <testcase name="createCutomer" time="0.001" classname="com.intellipaat.testng.HelloWorld"/>
  <system-out/>
  <testcase name="createTask" time="0.001" classname="com.intellipaat.testng.HelloWorld"/>
  <system-out/>
  <testcase name="createProject" time="0.001" classname="com.intellipaat.testng.HelloWorld"/>
  <system-out/>
</testsuite> <!-- com.intellipaat.testng.HelloWorld -->
