<?xml version="1.0" encoding="UTF-8"?>
<!-- Generated by org.testng.reporters.JUnitReportReporter -->
<testsuite skipped="0" hostname="ARAVINDA-DELL-PERSONAL" name="com.intellipaat.testng.order.PriorityDemo" tests="4" failures="0" timestamp="2021-03-27T20:36:15 IST" time="0.004" errors="0">
  <testcase name="launch1" time="0.001" classname="com.intellipaat.testng.order.PriorityDemo"/>
  <system-out/>
  <testcase name="login2" time="0.001" classname="com.intellipaat.testng.order.PriorityDemo"/>
  <system-out/>
  <testcase name="createCutomer3" time="0.001" classname="com.intellipaat.testng.order.PriorityDemo"/>
  <system-out/>
  <testcase name="logout4" time="0.001" classname="com.intellipaat.testng.order.PriorityDemo"/>
  <system-out/>
</testsuite> <!-- com.intellipaat.testng.order.PriorityDemo -->
