<?xml version="1.0" encoding="UTF-8"?>
<!-- Generated by org.testng.reporters.JUnitReportReporter -->
<testsuite skipped="0" hostname="ARAVINDA-DELL-PERSONAL" name="com.intellipaat.testng.allannotations.AllAnnotationsDemo" tests="2" failures="0" timestamp="2021-03-27T20:51:07 IST" time="0.008" errors="0">
  <testcase name="test1" time="0.005" classname="com.intellipaat.testng.allannotations.AllAnnotationsDemo"/>
  <system-out/>
  <testcase name="test2" time="0.003" classname="com.intellipaat.testng.allannotations.AllAnnotationsDemo"/>
  <system-out/>
</testsuite> <!-- com.intellipaat.testng.allannotations.AllAnnotationsDemo -->
