<?xml version="1.0" encoding="UTF-8"?>
<!-- Generated by org.testng.reporters.JUnitReportReporter -->
<testsuite skipped="0" hostname="ARAVINDA-DELL-PERSONAL" name="com.intellipaat.testng.test.groups.Cars" tests="4" failures="0" timestamp="2021-03-27T21:50:07 IST" time="0.020" errors="0">
  <testcase name="kiaCarnival" time="0.015" classname="com.intellipaat.testng.test.groups.Cars"/>
  <system-out/>
  <testcase name="xuv300" time="0.002" classname="com.intellipaat.testng.test.groups.Cars"/>
  <system-out/>
  <testcase name="kiaCeltos" time="0.001" classname="com.intellipaat.testng.test.groups.Cars"/>
  <system-out/>
  <testcase name="xuv500" time="0.002" classname="com.intellipaat.testng.test.groups.Cars"/>
  <system-out/>
</testsuite> <!-- com.intellipaat.testng.test.groups.Cars -->
