<?xml version="1.0" encoding="UTF-8"?>
<!-- Generated by org.testng.reporters.JUnitReportReporter -->
<testsuite skipped="0" hostname="ARAVINDA-DELL-PERSONAL" name="com.intellipaat.testng.order.OrderOfExecutionDemo" tests="4" failures="0" timestamp="2021-03-27T20:36:15 IST" time="0.011" errors="0">
  <testcase name="logout" time="0.001" classname="com.intellipaat.testng.order.OrderOfExecutionDemo"/>
  <system-out/>
  <testcase name="login" time="0.002" classname="com.intellipaat.testng.order.OrderOfExecutionDemo"/>
  <system-out/>
  <testcase name="launch" time="0.007" classname="com.intellipaat.testng.order.OrderOfExecutionDemo"/>
  <system-out/>
  <testcase name="createCutomer" time="0.001" classname="com.intellipaat.testng.order.OrderOfExecutionDemo"/>
  <system-out/>
</testsuite> <!-- com.intellipaat.testng.order.OrderOfExecutionDemo -->
