<?xml version="1.0" encoding="UTF-8"?>
<!-- Generated by org.testng.reporters.JUnitReportReporter -->
<testsuite skipped="0" hostname="ARAVINDA-DELL-PERSONAL" name="com.intellipaat.testng.parallel.AutoSuggestionsDemo" tests="1" failures="0" timestamp="2021-03-27T22:01:36 IST" time="14.508" errors="0">
  <testcase name="autoSuggestion" time="14.508" classname="com.intellipaat.testng.parallel.AutoSuggestionsDemo"/>
  <system-out>
    <![CDATA[Total Suggestions displayed is 10<br>
Intellipaat<br>
intellipaat reviews<br>
intellipaat login<br>
intellipaat careers<br>
intellipaat wikipedia<br>
intellipaat interview questions<br>
intellipaat bangalore address<br>
intellipaat glassdoor<br>
intellipaat logo<br>
intellipaat data science<br>]]>
  </system-out>
</testsuite> <!-- com.intellipaat.testng.parallel.AutoSuggestionsDemo -->
