<?xml version="1.0" encoding="UTF-8"?>
<!-- Generated by org.testng.reporters.JUnitReportReporter -->
<testsuite skipped="0" hostname="ARAVINDA-DELL-PERSONAL" name="com.intellipaat.testng.parallel.FormFillInFormy" tests="1" failures="0" timestamp="2021-03-27T22:01:36 IST" time="17.784" errors="0">
  <testcase name="formFill" time="17.784" classname="com.intellipaat.testng.parallel.FormFillInFormy"/>
  <system-out/>
</testsuite> <!-- com.intellipaat.testng.parallel.FormFillInFormy -->
